<?xml version="1.0" encoding="UTF-8"?>
<testng-results ignored="0" total="1" passed="1" failed="0" skipped="0">
  <reporter-output>
  </reporter-output>
  <suite started-at="2022-10-25T19:49:09 IST" name="Parallel Test Suite" finished-at="2022-10-25T19:49:42 IST" duration-ms="32609">
    <groups>
    </groups>
    <test started-at="2022-10-25T19:49:09 IST" name="Chrome Test" finished-at="2022-10-25T19:49:42 IST" duration-ms="32609">
      <class name="lambdatestjava.LambdaTestJava">
        <test-method is-config="true" signature="setUp(java.lang.String,java.lang.String,java.lang.String)[pri:0, instance:lambdatestjava.LambdaTestJava@5d534f5d]" started-at="2022-10-25T19:49:09 IST" name="setUp" finished-at="2022-10-25T19:49:22 IST" duration-ms="12642" status="PASS">
          <params>
            <param index="0">
              <value>
                <![CDATA[chrome]]>
              </value>
            </param>
            <param index="1">
              <value>
                <![CDATA[86.0]]>
              </value>
            </param>
            <param index="2">
              <value>
                <![CDATA[WIN10]]>
              </value>
            </param>
          </params>
          <reporter-output>
          </reporter-output>
        </test-method> <!-- setUp -->
        <test-method signature="testScenario1()[pri:0, instance:lambdatestjava.LambdaTestJava@5d534f5d]" started-at="2022-10-25T19:49:22 IST" name="testScenario1" finished-at="2022-10-25T19:49:40 IST" duration-ms="17991" status="PASS">
          <reporter-output>
          </reporter-output>
        </test-method> <!-- testScenario1 -->
        <test-method is-config="true" signature="tearDown()[pri:0, instance:lambdatestjava.LambdaTestJava@5d534f5d]" started-at="2022-10-25T19:49:40 IST" name="tearDown" finished-at="2022-10-25T19:49:42 IST" duration-ms="1892" status="PASS">
          <reporter-output>
          </reporter-output>
        </test-method> <!-- tearDown -->
      </class> <!-- lambdatestjava.LambdaTestJava -->
    </test> <!-- Chrome Test -->
  </suite> <!-- Parallel Test Suite -->
</testng-results>
